TN:
SF:src\index.ts
FN:29,(anonymous_1)
FN:38,(anonymous_2)
FN:54,(anonymous_3)
FN:55,(anonymous_4)
FN:73,(anonymous_5)
FN:89,(anonymous_6)
FN:105,(anonymous_7)
FNF:7
FNH:5
FNDA:4,(anonymous_1)
FNDA:11,(anonymous_2)
FNDA:0,(anonymous_3)
FNDA:0,(anonymous_4)
FNDA:2,(anonymous_5)
FNDA:2,(anonymous_6)
FNDA:2,(anonymous_7)
DA:1,1
DA:28,1
DA:29,4
DA:30,4
DA:31,4
DA:35,1
DA:39,11
DA:40,1
DA:43,10
DA:53,10
DA:54,0
DA:56,0
DA:57,0
DA:62,0
DA:74,2
DA:75,2
DA:76,1
DA:78,1
DA:79,1
DA:90,2
DA:91,2
DA:92,1
DA:94,1
DA:95,1
DA:106,2
DA:107,2
DA:108,1
DA:110,1
DA:111,1
DA:117,1
DA:119,1
DA:125,1
DA:126,1
DA:129,0
DA:130,0
DA:132,0
LF:36
LH:29
BRDA:39,0,0,1
BRDA:45,1,0,10
BRDA:45,1,1,9
BRDA:48,2,0,10
BRDA:48,2,1,0
BRDA:56,3,0,0
BRDA:58,4,0,0
BRDA:58,4,1,0
BRDA:62,5,0,0
BRDA:62,5,1,0
BRDA:78,6,0,0
BRDA:94,7,0,0
BRDA:110,8,0,0
BRDA:111,9,0,1
BRDA:112,10,0,1
BRDA:112,10,1,1
BRDA:112,10,2,1
BRDA:112,10,3,1
BRDA:119,11,0,1
BRDA:119,11,1,0
BRDA:119,12,0,1
BRDA:119,12,1,1
BRDA:119,12,2,1
BRDA:119,12,3,1
BRDA:125,13,0,1
BRDA:129,14,0,0
BRF:26
BRH:15
end_of_record
